INFO [2021-04-13 20:40:43] $x
INFO [2021-04-13 20:40:43] list(CNN_CDS_list, signalP_list)
INFO [2021-04-13 20:40:43] 
INFO [2021-04-13 20:40:43] $category.names
INFO [2021-04-13 20:40:43] c(">=1 CDS (CNN)6 motif", "Signal peptide")
INFO [2021-04-13 20:40:43] 
INFO [2021-04-13 20:40:43] $filename
INFO [2021-04-13 20:40:43] [1] "IMGvenn1.png"
INFO [2021-04-13 20:40:43] 
INFO [2021-04-13 20:40:43] $output
INFO [2021-04-13 20:40:43] [1] TRUE
INFO [2021-04-13 20:40:43] 
INFO [2021-04-13 20:40:43] $imagetype
INFO [2021-04-13 20:40:43] [1] "png"
INFO [2021-04-13 20:40:43] 
INFO [2021-04-13 20:40:43] $height
INFO [2021-04-13 20:40:43] [1] 600
INFO [2021-04-13 20:40:43] 
INFO [2021-04-13 20:40:43] $width
INFO [2021-04-13 20:40:43] [1] 700
INFO [2021-04-13 20:40:43] 
INFO [2021-04-13 20:40:43] $resolution
INFO [2021-04-13 20:40:43] [1] 300
INFO [2021-04-13 20:40:43] 
INFO [2021-04-13 20:40:43] $compression
INFO [2021-04-13 20:40:43] [1] "lzw"
INFO [2021-04-13 20:40:43] 
INFO [2021-04-13 20:40:43] $lwd
INFO [2021-04-13 20:40:43] [1] 1
INFO [2021-04-13 20:40:43] 
INFO [2021-04-13 20:40:43] $col
INFO [2021-04-13 20:40:43] c("#440154ff", "#21908dff")
INFO [2021-04-13 20:40:43] 
INFO [2021-04-13 20:40:43] $fill
INFO [2021-04-13 20:40:43] c(alpha("#440154ff", 0.3), alpha("#21908dff", 0.3))
INFO [2021-04-13 20:40:43] 
INFO [2021-04-13 20:40:43] $cex
INFO [2021-04-13 20:40:43] [1] 0.5
INFO [2021-04-13 20:40:43] 
INFO [2021-04-13 20:40:43] $fontfamily
INFO [2021-04-13 20:40:43] [1] "sans"
INFO [2021-04-13 20:40:43] 
INFO [2021-04-13 20:40:43] $cat.cex
INFO [2021-04-13 20:40:43] [1] 0.3
INFO [2021-04-13 20:40:43] 
INFO [2021-04-13 20:40:43] $cat.default.pos
INFO [2021-04-13 20:40:43] [1] "outer"
INFO [2021-04-13 20:40:43] 
INFO [2021-04-13 20:40:43] $cat.pos
INFO [2021-04-13 20:40:43] c(-27, 27)
INFO [2021-04-13 20:40:43] 
INFO [2021-04-13 20:40:43] $cat.dist
INFO [2021-04-13 20:40:43] c(0.055, 0.055)
INFO [2021-04-13 20:40:43] 
INFO [2021-04-13 20:40:43] $cat.fontfamily
INFO [2021-04-13 20:40:43] [1] "sans"
INFO [2021-04-13 20:40:43] 
INFO [2021-04-13 20:40:43] $cat.col
INFO [2021-04-13 20:40:43] c("#440154ff", "#21908dff")
INFO [2021-04-13 20:40:43] 
