INFO [2021-04-13 20:42:09] $x
INFO [2021-04-13 20:42:09] list(CNYTCNYT_up100_list, signalP_list)
INFO [2021-04-13 20:42:09] 
INFO [2021-04-13 20:42:09] $category.names
INFO [2021-04-13 20:42:09] c(">=1 CNYTCNYT motif 100nt upstream", "Signal peptide")
INFO [2021-04-13 20:42:09] 
INFO [2021-04-13 20:42:09] $filename
INFO [2021-04-13 20:42:09] [1] "IMGvenn2.png"
INFO [2021-04-13 20:42:09] 
INFO [2021-04-13 20:42:09] $output
INFO [2021-04-13 20:42:09] [1] TRUE
INFO [2021-04-13 20:42:09] 
INFO [2021-04-13 20:42:09] $imagetype
INFO [2021-04-13 20:42:09] [1] "png"
INFO [2021-04-13 20:42:09] 
INFO [2021-04-13 20:42:09] $height
INFO [2021-04-13 20:42:09] [1] 600
INFO [2021-04-13 20:42:09] 
INFO [2021-04-13 20:42:09] $width
INFO [2021-04-13 20:42:09] [1] 600
INFO [2021-04-13 20:42:09] 
INFO [2021-04-13 20:42:09] [[8]]
INFO [2021-04-13 20:42:09] 
INFO [2021-04-13 20:42:09] 
INFO [2021-04-13 20:42:09] $resolution
INFO [2021-04-13 20:42:09] [1] 300
INFO [2021-04-13 20:42:09] 
INFO [2021-04-13 20:42:09] $compression
INFO [2021-04-13 20:42:09] [1] "lzw"
INFO [2021-04-13 20:42:09] 
INFO [2021-04-13 20:42:09] $lwd
INFO [2021-04-13 20:42:09] [1] 1
INFO [2021-04-13 20:42:09] 
INFO [2021-04-13 20:42:09] $col
INFO [2021-04-13 20:42:09] c("#440154ff", "#21908dff")
INFO [2021-04-13 20:42:09] 
INFO [2021-04-13 20:42:09] $fill
INFO [2021-04-13 20:42:09] c(alpha("#440154ff", 0.3), alpha("#21908dff", 0.3))
INFO [2021-04-13 20:42:09] 
INFO [2021-04-13 20:42:09] $cex
INFO [2021-04-13 20:42:09] [1] 0.5
INFO [2021-04-13 20:42:09] 
INFO [2021-04-13 20:42:09] $fontfamily
INFO [2021-04-13 20:42:09] [1] "sans"
INFO [2021-04-13 20:42:09] 
INFO [2021-04-13 20:42:09] $cat.cex
INFO [2021-04-13 20:42:09] [1] 0.3
INFO [2021-04-13 20:42:09] 
INFO [2021-04-13 20:42:09] $cat.default.pos
INFO [2021-04-13 20:42:09] [1] "outer"
INFO [2021-04-13 20:42:09] 
INFO [2021-04-13 20:42:09] $cat.pos
INFO [2021-04-13 20:42:09] c(-20, 20)
INFO [2021-04-13 20:42:09] 
INFO [2021-04-13 20:42:09] $cat.dist
INFO [2021-04-13 20:42:09] c(0.055, 0.055)
INFO [2021-04-13 20:42:09] 
INFO [2021-04-13 20:42:09] $cat.fontfamily
INFO [2021-04-13 20:42:09] [1] "sans"
INFO [2021-04-13 20:42:09] 
INFO [2021-04-13 20:42:09] $cat.col
INFO [2021-04-13 20:42:09] c("#440154ff", "#21908dff")
INFO [2021-04-13 20:42:09] 
