INFO [2021-04-13 20:40:15] $x
INFO [2021-04-13 20:40:15] list(CNN_CDS_list, signalP_list)
INFO [2021-04-13 20:40:15] 
INFO [2021-04-13 20:40:15] $category.names
INFO [2021-04-13 20:40:15] c(">=1 CDS (CNN)6 motif", "Signal peptide")
INFO [2021-04-13 20:40:15] 
INFO [2021-04-13 20:40:15] $filename
INFO [2021-04-13 20:40:15] [1] "IMGvenn1.png"
INFO [2021-04-13 20:40:15] 
INFO [2021-04-13 20:40:15] $output
INFO [2021-04-13 20:40:15] [1] TRUE
INFO [2021-04-13 20:40:15] 
INFO [2021-04-13 20:40:15] $imagetype
INFO [2021-04-13 20:40:15] [1] "png"
INFO [2021-04-13 20:40:15] 
INFO [2021-04-13 20:40:15] $height
INFO [2021-04-13 20:40:15] [1] 600
INFO [2021-04-13 20:40:15] 
INFO [2021-04-13 20:40:15] $width
INFO [2021-04-13 20:40:15] [1] 600
INFO [2021-04-13 20:40:15] 
INFO [2021-04-13 20:40:15] $resolution
INFO [2021-04-13 20:40:15] [1] 300
INFO [2021-04-13 20:40:15] 
INFO [2021-04-13 20:40:15] $compression
INFO [2021-04-13 20:40:15] [1] "lzw"
INFO [2021-04-13 20:40:15] 
INFO [2021-04-13 20:40:15] $lwd
INFO [2021-04-13 20:40:15] [1] 1
INFO [2021-04-13 20:40:15] 
INFO [2021-04-13 20:40:15] $col
INFO [2021-04-13 20:40:15] c("#440154ff", "#21908dff")
INFO [2021-04-13 20:40:15] 
INFO [2021-04-13 20:40:15] $fill
INFO [2021-04-13 20:40:15] c(alpha("#440154ff", 0.3), alpha("#21908dff", 0.3))
INFO [2021-04-13 20:40:15] 
INFO [2021-04-13 20:40:15] $cex
INFO [2021-04-13 20:40:15] [1] 0.5
INFO [2021-04-13 20:40:15] 
INFO [2021-04-13 20:40:15] $fontfamily
INFO [2021-04-13 20:40:15] [1] "sans"
INFO [2021-04-13 20:40:15] 
INFO [2021-04-13 20:40:15] $cat.cex
INFO [2021-04-13 20:40:15] [1] 0.3
INFO [2021-04-13 20:40:15] 
INFO [2021-04-13 20:40:15] $cat.default.pos
INFO [2021-04-13 20:40:15] [1] "outer"
INFO [2021-04-13 20:40:15] 
INFO [2021-04-13 20:40:15] $cat.pos
INFO [2021-04-13 20:40:15] c(-27, 27)
INFO [2021-04-13 20:40:15] 
INFO [2021-04-13 20:40:15] $cat.dist
INFO [2021-04-13 20:40:15] c(0.055, 0.055)
INFO [2021-04-13 20:40:15] 
INFO [2021-04-13 20:40:15] $cat.fontfamily
INFO [2021-04-13 20:40:15] [1] "sans"
INFO [2021-04-13 20:40:15] 
INFO [2021-04-13 20:40:15] $cat.col
INFO [2021-04-13 20:40:15] c("#440154ff", "#21908dff")
INFO [2021-04-13 20:40:15] 
