INFO [2021-04-17 19:34:14] $x
INFO [2021-04-17 19:34:14] list(CNN_CDS_list, signalP_list)
INFO [2021-04-17 19:34:14] 
INFO [2021-04-17 19:34:14] $category.names
INFO [2021-04-17 19:34:14] c(">=1 CDS (CNN)6 motif", "Signal peptide")
INFO [2021-04-17 19:34:14] 
INFO [2021-04-17 19:34:14] $filename
INFO [2021-04-17 19:34:14] [1] "IMGvenn1.png"
INFO [2021-04-17 19:34:14] 
INFO [2021-04-17 19:34:14] $output
INFO [2021-04-17 19:34:14] [1] TRUE
INFO [2021-04-17 19:34:14] 
INFO [2021-04-17 19:34:14] $imagetype
INFO [2021-04-17 19:34:14] [1] "png"
INFO [2021-04-17 19:34:14] 
INFO [2021-04-17 19:34:14] $height
INFO [2021-04-17 19:34:14] [1] 600
INFO [2021-04-17 19:34:14] 
INFO [2021-04-17 19:34:14] $width
INFO [2021-04-17 19:34:14] [1] 600
INFO [2021-04-17 19:34:14] 
INFO [2021-04-17 19:34:14] $resolution
INFO [2021-04-17 19:34:14] [1] 300
INFO [2021-04-17 19:34:14] 
INFO [2021-04-17 19:34:14] $compression
INFO [2021-04-17 19:34:14] [1] "lzw"
INFO [2021-04-17 19:34:14] 
INFO [2021-04-17 19:34:14] $lwd
INFO [2021-04-17 19:34:14] [1] 1
INFO [2021-04-17 19:34:14] 
INFO [2021-04-17 19:34:14] $col
INFO [2021-04-17 19:34:14] c("#440154ff", "#21908dff")
INFO [2021-04-17 19:34:14] 
INFO [2021-04-17 19:34:14] $fill
INFO [2021-04-17 19:34:14] c(alpha("#440154ff", 0.3), alpha("#21908dff", 0.3))
INFO [2021-04-17 19:34:14] 
INFO [2021-04-17 19:34:14] $cex
INFO [2021-04-17 19:34:14] [1] 0.5
INFO [2021-04-17 19:34:14] 
INFO [2021-04-17 19:34:14] $fontfamily
INFO [2021-04-17 19:34:14] [1] "sans"
INFO [2021-04-17 19:34:14] 
INFO [2021-04-17 19:34:14] $cat.cex
INFO [2021-04-17 19:34:14] [1] 0.3
INFO [2021-04-17 19:34:14] 
INFO [2021-04-17 19:34:14] $cat.default.pos
INFO [2021-04-17 19:34:14] [1] "outer"
INFO [2021-04-17 19:34:14] 
INFO [2021-04-17 19:34:14] $cat.pos
INFO [2021-04-17 19:34:14] c(-20, 20)
INFO [2021-04-17 19:34:14] 
INFO [2021-04-17 19:34:14] $cat.dist
INFO [2021-04-17 19:34:14] c(0.055, 0.055)
INFO [2021-04-17 19:34:14] 
INFO [2021-04-17 19:34:14] $cat.fontfamily
INFO [2021-04-17 19:34:14] [1] "sans"
INFO [2021-04-17 19:34:14] 
INFO [2021-04-17 19:34:14] $cat.col
INFO [2021-04-17 19:34:14] c("#440154ff", "#21908dff")
INFO [2021-04-17 19:34:14] 
