INFO [2021-04-13 20:42:38] $x
INFO [2021-04-13 20:42:38] list(CNN_CDS_list, signalP_list)
INFO [2021-04-13 20:42:38] 
INFO [2021-04-13 20:42:38] $category.names
INFO [2021-04-13 20:42:38] c(">=1 CDS (CNN)6 motif", "Signal peptide")
INFO [2021-04-13 20:42:38] 
INFO [2021-04-13 20:42:38] $filename
INFO [2021-04-13 20:42:38] [1] "IMGvenn1.png"
INFO [2021-04-13 20:42:38] 
INFO [2021-04-13 20:42:38] $output
INFO [2021-04-13 20:42:38] [1] TRUE
INFO [2021-04-13 20:42:38] 
INFO [2021-04-13 20:42:38] $imagetype
INFO [2021-04-13 20:42:38] [1] "png"
INFO [2021-04-13 20:42:38] 
INFO [2021-04-13 20:42:38] $height
INFO [2021-04-13 20:42:38] [1] 600
INFO [2021-04-13 20:42:38] 
INFO [2021-04-13 20:42:38] $width
INFO [2021-04-13 20:42:38] [1] 600
INFO [2021-04-13 20:42:38] 
INFO [2021-04-13 20:42:38] $resolution
INFO [2021-04-13 20:42:38] [1] 300
INFO [2021-04-13 20:42:38] 
INFO [2021-04-13 20:42:38] $compression
INFO [2021-04-13 20:42:38] [1] "lzw"
INFO [2021-04-13 20:42:38] 
INFO [2021-04-13 20:42:38] $lwd
INFO [2021-04-13 20:42:38] [1] 1
INFO [2021-04-13 20:42:38] 
INFO [2021-04-13 20:42:38] $col
INFO [2021-04-13 20:42:38] c("#440154ff", "#21908dff")
INFO [2021-04-13 20:42:38] 
INFO [2021-04-13 20:42:38] $fill
INFO [2021-04-13 20:42:38] c(alpha("#440154ff", 0.3), alpha("#21908dff", 0.3))
INFO [2021-04-13 20:42:38] 
INFO [2021-04-13 20:42:38] $cex
INFO [2021-04-13 20:42:38] [1] 0.5
INFO [2021-04-13 20:42:38] 
INFO [2021-04-13 20:42:38] $fontfamily
INFO [2021-04-13 20:42:38] [1] "sans"
INFO [2021-04-13 20:42:38] 
INFO [2021-04-13 20:42:38] $cat.cex
INFO [2021-04-13 20:42:38] [1] 0.3
INFO [2021-04-13 20:42:38] 
INFO [2021-04-13 20:42:38] $cat.default.pos
INFO [2021-04-13 20:42:38] [1] "outer"
INFO [2021-04-13 20:42:38] 
INFO [2021-04-13 20:42:38] $cat.pos
INFO [2021-04-13 20:42:38] c(-20, 20)
INFO [2021-04-13 20:42:38] 
INFO [2021-04-13 20:42:38] $cat.dist
INFO [2021-04-13 20:42:38] c(0.055, 0.055)
INFO [2021-04-13 20:42:38] 
INFO [2021-04-13 20:42:38] $cat.fontfamily
INFO [2021-04-13 20:42:38] [1] "sans"
INFO [2021-04-13 20:42:38] 
INFO [2021-04-13 20:42:38] $cat.col
INFO [2021-04-13 20:42:38] c("#440154ff", "#21908dff")
INFO [2021-04-13 20:42:38] 
