INFO [2021-04-12 21:48:58] $x
INFO [2021-04-12 21:48:58] list(CNN_CDS_list, signalP_list)
INFO [2021-04-12 21:48:58] 
INFO [2021-04-12 21:48:58] $category.names
INFO [2021-04-12 21:48:58] c(">=1 CDS (CNN)6 motif", "Signal peptide")
INFO [2021-04-12 21:48:58] 
INFO [2021-04-12 21:48:58] $filename
INFO [2021-04-12 21:48:58] [1] "IMGvenn2.png"
INFO [2021-04-12 21:48:58] 
INFO [2021-04-12 21:48:58] $output
INFO [2021-04-12 21:48:58] [1] TRUE
INFO [2021-04-12 21:48:58] 
INFO [2021-04-12 21:48:58] $imagetype
INFO [2021-04-12 21:48:58] [1] "png"
INFO [2021-04-12 21:48:58] 
INFO [2021-04-12 21:48:58] $height
INFO [2021-04-12 21:48:58] [1] 480
INFO [2021-04-12 21:48:58] 
INFO [2021-04-12 21:48:58] $width
INFO [2021-04-12 21:48:58] [1] 480
INFO [2021-04-12 21:48:58] 
INFO [2021-04-12 21:48:58] [[8]]
INFO [2021-04-12 21:48:58] 
INFO [2021-04-12 21:48:58] 
INFO [2021-04-12 21:48:58] $resolution
INFO [2021-04-12 21:48:58] [1] 300
INFO [2021-04-12 21:48:58] 
INFO [2021-04-12 21:48:58] $compression
INFO [2021-04-12 21:48:58] [1] "lzw"
INFO [2021-04-12 21:48:58] 
INFO [2021-04-12 21:48:58] $lwd
INFO [2021-04-12 21:48:58] [1] 1
INFO [2021-04-12 21:48:58] 
INFO [2021-04-12 21:48:58] $col
INFO [2021-04-12 21:48:58] c("#440154ff", "#21908dff")
INFO [2021-04-12 21:48:58] 
INFO [2021-04-12 21:48:58] $fill
INFO [2021-04-12 21:48:58] c(alpha("#440154ff", 0.3), alpha("#21908dff", 0.3))
INFO [2021-04-12 21:48:58] 
INFO [2021-04-12 21:48:58] $cex
INFO [2021-04-12 21:48:58] [1] 0.5
INFO [2021-04-12 21:48:58] 
INFO [2021-04-12 21:48:58] $fontfamily
INFO [2021-04-12 21:48:58] [1] "sans"
INFO [2021-04-12 21:48:58] 
INFO [2021-04-12 21:48:58] $cat.cex
INFO [2021-04-12 21:48:58] [1] 0.3
INFO [2021-04-12 21:48:58] 
INFO [2021-04-12 21:48:58] $cat.default.pos
INFO [2021-04-12 21:48:58] [1] "outer"
INFO [2021-04-12 21:48:58] 
INFO [2021-04-12 21:48:58] $cat.pos
INFO [2021-04-12 21:48:58] c(-27, 27)
INFO [2021-04-12 21:48:58] 
INFO [2021-04-12 21:48:58] $cat.dist
INFO [2021-04-12 21:48:58] c(0.055, 0.055)
INFO [2021-04-12 21:48:58] 
INFO [2021-04-12 21:48:58] $cat.fontfamily
INFO [2021-04-12 21:48:58] [1] "sans"
INFO [2021-04-12 21:48:58] 
INFO [2021-04-12 21:48:58] $cat.col
INFO [2021-04-12 21:48:58] c("#440154ff", "#21908dff")
INFO [2021-04-12 21:48:58] 
