INFO [2021-04-13 20:39:22] $x
INFO [2021-04-13 20:39:22] list(CNYTCNYT_up100_list, signalP_list)
INFO [2021-04-13 20:39:22] 
INFO [2021-04-13 20:39:22] $category.names
INFO [2021-04-13 20:39:22] c(">=1 CNYTCNYT motif 100nt upstream", "Signal peptide")
INFO [2021-04-13 20:39:22] 
INFO [2021-04-13 20:39:22] $filename
INFO [2021-04-13 20:39:22] [1] "IMGvenn2.png"
INFO [2021-04-13 20:39:22] 
INFO [2021-04-13 20:39:22] $output
INFO [2021-04-13 20:39:22] [1] TRUE
INFO [2021-04-13 20:39:22] 
INFO [2021-04-13 20:39:22] $imagetype
INFO [2021-04-13 20:39:22] [1] "png"
INFO [2021-04-13 20:39:22] 
INFO [2021-04-13 20:39:22] $height
INFO [2021-04-13 20:39:22] [1] 600
INFO [2021-04-13 20:39:22] 
INFO [2021-04-13 20:39:22] $width
INFO [2021-04-13 20:39:22] [1] 600
INFO [2021-04-13 20:39:22] 
INFO [2021-04-13 20:39:22] [[8]]
INFO [2021-04-13 20:39:22] 
INFO [2021-04-13 20:39:22] 
INFO [2021-04-13 20:39:22] $resolution
INFO [2021-04-13 20:39:22] [1] 300
INFO [2021-04-13 20:39:22] 
INFO [2021-04-13 20:39:22] $compression
INFO [2021-04-13 20:39:22] [1] "lzw"
INFO [2021-04-13 20:39:22] 
INFO [2021-04-13 20:39:22] $lwd
INFO [2021-04-13 20:39:22] [1] 1
INFO [2021-04-13 20:39:22] 
INFO [2021-04-13 20:39:22] $col
INFO [2021-04-13 20:39:22] c("#440154ff", "#21908dff")
INFO [2021-04-13 20:39:22] 
INFO [2021-04-13 20:39:22] $fill
INFO [2021-04-13 20:39:22] c(alpha("#440154ff", 0.3), alpha("#21908dff", 0.3))
INFO [2021-04-13 20:39:22] 
INFO [2021-04-13 20:39:22] $cex
INFO [2021-04-13 20:39:22] [1] 0.5
INFO [2021-04-13 20:39:22] 
INFO [2021-04-13 20:39:22] $fontfamily
INFO [2021-04-13 20:39:22] [1] "sans"
INFO [2021-04-13 20:39:22] 
INFO [2021-04-13 20:39:22] $cat.cex
INFO [2021-04-13 20:39:22] [1] 0.3
INFO [2021-04-13 20:39:22] 
INFO [2021-04-13 20:39:22] $cat.default.pos
INFO [2021-04-13 20:39:22] [1] "outer"
INFO [2021-04-13 20:39:22] 
INFO [2021-04-13 20:39:22] $cat.pos
INFO [2021-04-13 20:39:22] c(-27, 27)
INFO [2021-04-13 20:39:22] 
INFO [2021-04-13 20:39:22] $cat.dist
INFO [2021-04-13 20:39:22] c(0.055, 0.055)
INFO [2021-04-13 20:39:22] 
INFO [2021-04-13 20:39:22] $cat.fontfamily
INFO [2021-04-13 20:39:22] [1] "sans"
INFO [2021-04-13 20:39:22] 
INFO [2021-04-13 20:39:22] $cat.col
INFO [2021-04-13 20:39:22] c("#440154ff", "#21908dff")
INFO [2021-04-13 20:39:22] 
