INFO [2021-04-13 20:38:48] $x
INFO [2021-04-13 20:38:48] list(CNYTCNYT_up100_list, signalP_list)
INFO [2021-04-13 20:38:48] 
INFO [2021-04-13 20:38:48] $category.names
INFO [2021-04-13 20:38:48] c(">=1 CNYTCNYT motif 100nt upstream", "Signal peptide")
INFO [2021-04-13 20:38:48] 
INFO [2021-04-13 20:38:48] $filename
INFO [2021-04-13 20:38:48] [1] "IMGvenn2.png"
INFO [2021-04-13 20:38:48] 
INFO [2021-04-13 20:38:48] $output
INFO [2021-04-13 20:38:48] [1] TRUE
INFO [2021-04-13 20:38:48] 
INFO [2021-04-13 20:38:48] $imagetype
INFO [2021-04-13 20:38:48] [1] "png"
INFO [2021-04-13 20:38:48] 
INFO [2021-04-13 20:38:48] $height
INFO [2021-04-13 20:38:48] [1] 480
INFO [2021-04-13 20:38:48] 
INFO [2021-04-13 20:38:48] $width
INFO [2021-04-13 20:38:48] [1] 480
INFO [2021-04-13 20:38:48] 
INFO [2021-04-13 20:38:48] [[8]]
INFO [2021-04-13 20:38:48] 
INFO [2021-04-13 20:38:48] 
INFO [2021-04-13 20:38:48] $resolution
INFO [2021-04-13 20:38:48] [1] 300
INFO [2021-04-13 20:38:48] 
INFO [2021-04-13 20:38:48] $compression
INFO [2021-04-13 20:38:48] [1] "lzw"
INFO [2021-04-13 20:38:48] 
INFO [2021-04-13 20:38:48] $lwd
INFO [2021-04-13 20:38:48] [1] 1
INFO [2021-04-13 20:38:48] 
INFO [2021-04-13 20:38:48] $col
INFO [2021-04-13 20:38:48] c("#440154ff", "#21908dff")
INFO [2021-04-13 20:38:48] 
INFO [2021-04-13 20:38:48] $fill
INFO [2021-04-13 20:38:48] c(alpha("#440154ff", 0.3), alpha("#21908dff", 0.3))
INFO [2021-04-13 20:38:48] 
INFO [2021-04-13 20:38:48] $cex
INFO [2021-04-13 20:38:48] [1] 0.5
INFO [2021-04-13 20:38:48] 
INFO [2021-04-13 20:38:48] $fontfamily
INFO [2021-04-13 20:38:48] [1] "sans"
INFO [2021-04-13 20:38:48] 
INFO [2021-04-13 20:38:48] $cat.cex
INFO [2021-04-13 20:38:48] [1] 0.3
INFO [2021-04-13 20:38:48] 
INFO [2021-04-13 20:38:48] $cat.default.pos
INFO [2021-04-13 20:38:48] [1] "outer"
INFO [2021-04-13 20:38:48] 
INFO [2021-04-13 20:38:48] $cat.pos
INFO [2021-04-13 20:38:48] c(-27, 27)
INFO [2021-04-13 20:38:48] 
INFO [2021-04-13 20:38:48] $cat.dist
INFO [2021-04-13 20:38:48] c(0.055, 0.055)
INFO [2021-04-13 20:38:48] 
INFO [2021-04-13 20:38:48] $cat.fontfamily
INFO [2021-04-13 20:38:48] [1] "sans"
INFO [2021-04-13 20:38:48] 
INFO [2021-04-13 20:38:48] $cat.col
INFO [2021-04-13 20:38:48] c("#440154ff", "#21908dff")
INFO [2021-04-13 20:38:48] 
