INFO [2021-04-12 21:43:53] $x
INFO [2021-04-12 21:43:53] list(CNN_CDS_list, signalP_list)
INFO [2021-04-12 21:43:53] 
INFO [2021-04-12 21:43:53] $category.names
INFO [2021-04-12 21:43:53] c("(CNN)6 motif in CDS", "Signal peptide")
INFO [2021-04-12 21:43:53] 
INFO [2021-04-12 21:43:53] $filename
INFO [2021-04-12 21:43:53] [1] "IMGvenn1.png"
INFO [2021-04-12 21:43:53] 
INFO [2021-04-12 21:43:53] $output
INFO [2021-04-12 21:43:53] [1] TRUE
INFO [2021-04-12 21:43:53] 
INFO [2021-04-12 21:43:53] $imagetype
INFO [2021-04-12 21:43:53] [1] "png"
INFO [2021-04-12 21:43:53] 
INFO [2021-04-12 21:43:53] $height
INFO [2021-04-12 21:43:53] [1] 480
INFO [2021-04-12 21:43:53] 
INFO [2021-04-12 21:43:53] $width
INFO [2021-04-12 21:43:53] [1] 480
INFO [2021-04-12 21:43:53] 
INFO [2021-04-12 21:43:53] [[8]]
INFO [2021-04-12 21:43:53] 
INFO [2021-04-12 21:43:53] 
INFO [2021-04-12 21:43:53] $resolution
INFO [2021-04-12 21:43:53] [1] 300
INFO [2021-04-12 21:43:53] 
INFO [2021-04-12 21:43:53] $compression
INFO [2021-04-12 21:43:53] [1] "lzw"
INFO [2021-04-12 21:43:53] 
INFO [2021-04-12 21:43:53] $lwd
INFO [2021-04-12 21:43:53] [1] 1
INFO [2021-04-12 21:43:53] 
INFO [2021-04-12 21:43:53] $col
INFO [2021-04-12 21:43:53] c("#440154ff", "#21908dff")
INFO [2021-04-12 21:43:53] 
INFO [2021-04-12 21:43:53] $fill
INFO [2021-04-12 21:43:53] c(alpha("#440154ff", 0.3), alpha("#21908dff", 0.3))
INFO [2021-04-12 21:43:53] 
INFO [2021-04-12 21:43:53] $cex
INFO [2021-04-12 21:43:53] [1] 0.5
INFO [2021-04-12 21:43:53] 
INFO [2021-04-12 21:43:53] $fontfamily
INFO [2021-04-12 21:43:53] [1] "sans"
INFO [2021-04-12 21:43:53] 
INFO [2021-04-12 21:43:53] $cat.cex
INFO [2021-04-12 21:43:53] [1] 0.3
INFO [2021-04-12 21:43:53] 
INFO [2021-04-12 21:43:53] $cat.default.pos
INFO [2021-04-12 21:43:53] [1] "outer"
INFO [2021-04-12 21:43:53] 
INFO [2021-04-12 21:43:53] $cat.pos
INFO [2021-04-12 21:43:53] c(-27, 27)
INFO [2021-04-12 21:43:53] 
INFO [2021-04-12 21:43:53] $cat.dist
INFO [2021-04-12 21:43:53] c(0.055, 0.055)
INFO [2021-04-12 21:43:53] 
INFO [2021-04-12 21:43:53] $cat.fontfamily
INFO [2021-04-12 21:43:53] [1] "sans"
INFO [2021-04-12 21:43:53] 
INFO [2021-04-12 21:43:53] $cat.col
INFO [2021-04-12 21:43:53] c("#440154ff", "#21908dff")
INFO [2021-04-12 21:43:53] 
